<?xml version="1.0" encoding="UTF-8"?>
<testng-results total="2" passed="2" failed="0" skipped="0">
  <reporter-output>
  </reporter-output>
  <suite started-at="2021-03-17T07:42:45Z" name="Default suite" finished-at="2021-03-17T07:43:16Z" duration-ms="31487">
    <groups>
    </groups>
    <test started-at="2021-03-17T07:42:45Z" name="Default test" finished-at="2021-03-17T07:43:16Z" duration-ms="31487">
      <class name="Test.AddContactTest">
        <test-method signature="setup()[pri:0, instance:Test.AddContactTest@47faa49c]" started-at="2021-03-17T13:12:45Z" name="setup" finished-at="2021-03-17T13:13:12Z" duration-ms="27225" status="PASS">
          <reporter-output>
          </reporter-output>
        </test-method> <!-- setup -->
        <test-method signature="addContact()[pri:1, instance:Test.AddContactTest@47faa49c]" started-at="2021-03-17T13:13:12Z" name="addContact" finished-at="2021-03-17T13:13:16Z" depends-on-methods="Test.AddContactTest.setup" duration-ms="4237" status="PASS">
          <reporter-output>
          </reporter-output>
        </test-method> <!-- addContact -->
      </class> <!-- Test.AddContactTest -->
    </test> <!-- Default test -->
  </suite> <!-- Default suite -->
</testng-results>
