<?xml version="1.0" encoding="UTF-8"?>
<testng-results total="2" passed="2" failed="0" skipped="0">
  <reporter-output>
  </reporter-output>
  <suite started-at="2021-03-22T06:51:54Z" name="Default suite" finished-at="2021-03-22T06:53:03Z" duration-ms="69230">
    <groups>
    </groups>
    <test started-at="2021-03-22T06:51:54Z" name="Default test" finished-at="2021-03-22T06:53:03Z" duration-ms="69230">
      <class name="Test.AddContactTest">
        <test-method signature="setup()[pri:0, instance:Test.AddContactTest@2ed2d9cb]" started-at="2021-03-22T12:21:54Z" name="setup" finished-at="2021-03-22T12:22:59Z" duration-ms="64712" status="PASS">
          <reporter-output>
          </reporter-output>
        </test-method> <!-- setup -->
        <test-method signature="addContact()[pri:1, instance:Test.AddContactTest@2ed2d9cb]" started-at="2021-03-22T12:22:59Z" name="addContact" finished-at="2021-03-22T12:23:03Z" depends-on-methods="Test.AddContactTest.setup" duration-ms="4494" status="PASS">
          <reporter-output>
          </reporter-output>
        </test-method> <!-- addContact -->
      </class> <!-- Test.AddContactTest -->
    </test> <!-- Default test -->
  </suite> <!-- Default suite -->
</testng-results>
