<?xml version="1.0" encoding="UTF-8"?>
<!-- Generated by org.testng.reporters.JUnitXMLReporter -->
<testsuite hostname="DESKTOP-J96NAOD" failures="1" tests="1" name="Default test(failed)" time="28.227" errors="0" timestamp="11 Mar 2021 08:34:20 GMT">
  <testcase classname="Test.AddContactTest" name="addContact" time="0.011">
    <failure type="java.lang.NullPointerException">
      <![CDATA[java.lang.NullPointerException
	at org.openqa.selenium.interactions.Actions.<init>(Actions.java:44)
	at Test.AddContactTest.addContact(AddContactTest.java:30)
... Removed 24 stack frames]]>
    </failure>
  </testcase> <!-- addContact -->
</testsuite> <!-- Default test(failed) -->
